<?xml version="1.0" encoding="UTF-8"?>
<!-- Generated by org.testng.reporters.JUnitReportReporter -->
<testsuite skipped="0" hostname="MC0Y6RJC" name="com.assignment6.ExcelData" tests="4" failures="0" timestamp="22 Dec 2017 09:51:38 GMT" time="20.180" errors="0">
  <testcase name="login" time="4.436" classname="com.assignment6.ExcelData"/>
  <testcase name="selectDress" time="9.876" classname="com.assignment6.ExcelData"/>
  <testcase name="addToCart" time="4.510" classname="com.assignment6.ExcelData"/>
  <testcase name="goToAddress" time="1.358" classname="com.assignment6.ExcelData"/>
</testsuite> <!-- com.assignment6.ExcelData -->
